mode: count
github.com/lavanet/lava/protocol/statetracker/finalization_consensus_updater.go:26.108,28.2 1 3
github.com/lavanet/lava/protocol/statetracker/finalization_consensus_updater.go:30.131,33.2 1 2
github.com/lavanet/lava/protocol/statetracker/finalization_consensus_updater.go:35.62,37.2 1 1
github.com/lavanet/lava/protocol/statetracker/finalization_consensus_updater.go:39.68,42.49 2 3
github.com/lavanet/lava/protocol/statetracker/finalization_consensus_updater.go:45.2,46.16 2 2
github.com/lavanet/lava/protocol/statetracker/finalization_consensus_updater.go:51.2,52.78 2 1
github.com/lavanet/lava/protocol/statetracker/finalization_consensus_updater.go:42.49,44.3 1 1
github.com/lavanet/lava/protocol/statetracker/finalization_consensus_updater.go:46.16,50.3 3 1
github.com/lavanet/lava/protocol/statetracker/finalization_consensus_updater.go:52.78,54.3 1 1
github.com/lavanet/lava/protocol/statetracker/payment_updater.go:26.87,28.2 1 4
github.com/lavanet/lava/protocol/statetracker/payment_updater.go:30.108,32.2 1 2
github.com/lavanet/lava/protocol/statetracker/payment_updater.go:34.47,36.2 1 1
github.com/lavanet/lava/protocol/statetracker/payment_updater.go:38.53,41.16 3 2
github.com/lavanet/lava/protocol/statetracker/payment_updater.go:44.2,44.35 1 1
github.com/lavanet/lava/protocol/statetracker/payment_updater.go:41.16,43.3 1 1
github.com/lavanet/lava/protocol/statetracker/payment_updater.go:44.35,47.3 2 1
github.com/lavanet/lava/protocol/statetracker/state_query.go:36.79,42.16 6 3
github.com/lavanet/lava/protocol/statetracker/state_query.go:45.2,46.11 2 3
github.com/lavanet/lava/protocol/statetracker/state_query.go:42.16,44.3 1 0
github.com/lavanet/lava/protocol/statetracker/state_query.go:49.94,53.16 2 2
github.com/lavanet/lava/protocol/statetracker/state_query.go:56.2,56.24 1 1
github.com/lavanet/lava/protocol/statetracker/state_query.go:53.16,55.3 1 1
github.com/lavanet/lava/protocol/statetracker/state_query.go:65.95,68.2 2 1
github.com/lavanet/lava/protocol/statetracker/state_query.go:70.199,71.19 1 4
github.com/lavanet/lava/protocol/statetracker/state_query.go:81.2,82.37 2 4
github.com/lavanet/lava/protocol/statetracker/state_query.go:92.2,96.16 2 4
github.com/lavanet/lava/protocol/statetracker/state_query.go:99.2,101.93 3 3
github.com/lavanet/lava/protocol/statetracker/state_query.go:71.19,72.28 1 2
github.com/lavanet/lava/protocol/statetracker/state_query.go:75.3,75.20 1 2
github.com/lavanet/lava/protocol/statetracker/state_query.go:72.28,74.4 1 1
github.com/lavanet/lava/protocol/statetracker/state_query.go:75.20,78.4 2 1
github.com/lavanet/lava/protocol/statetracker/state_query.go:82.37,83.84 1 0
github.com/lavanet/lava/protocol/statetracker/state_query.go:83.84,84.59 1 0
github.com/lavanet/lava/protocol/statetracker/state_query.go:84.59,86.5 1 0
github.com/lavanet/lava/protocol/statetracker/state_query.go:86.10,88.5 1 0
github.com/lavanet/lava/protocol/statetracker/state_query.go:96.16,98.3 1 1
github.com/lavanet/lava/protocol/statetracker/state_query.go:104.125,107.16 3 2
github.com/lavanet/lava/protocol/statetracker/state_query.go:110.2,110.37 1 1
github.com/lavanet/lava/protocol/statetracker/state_query.go:107.16,109.3 1 1
github.com/lavanet/lava/protocol/statetracker/state_query.go:118.95,121.2 2 1
github.com/lavanet/lava/protocol/statetracker/state_query.go:123.181,127.37 4 0
github.com/lavanet/lava/protocol/statetracker/state_query.go:134.2,134.25 1 0
github.com/lavanet/lava/protocol/statetracker/state_query.go:141.2,143.16 3 0
github.com/lavanet/lava/protocol/statetracker/state_query.go:146.2,146.44 1 0
github.com/lavanet/lava/protocol/statetracker/state_query.go:127.37,128.83 1 0
github.com/lavanet/lava/protocol/statetracker/state_query.go:128.83,130.4 1 0
github.com/lavanet/lava/protocol/statetracker/state_query.go:130.9,132.4 1 0
github.com/lavanet/lava/protocol/statetracker/state_query.go:134.25,136.17 2 0
github.com/lavanet/lava/protocol/statetracker/state_query.go:139.3,139.108 1 0
github.com/lavanet/lava/protocol/statetracker/state_query.go:136.17,138.4 1 0
github.com/lavanet/lava/protocol/statetracker/state_query.go:143.16,145.3 1 0
github.com/lavanet/lava/protocol/statetracker/state_query.go:149.126,151.2 1 1
github.com/lavanet/lava/protocol/statetracker/state_query.go:153.87,155.16 2 1
github.com/lavanet/lava/protocol/statetracker/state_query.go:158.2,159.32 2 1
github.com/lavanet/lava/protocol/statetracker/state_query.go:155.16,157.3 1 0
github.com/lavanet/lava/protocol/statetracker/state_query.go:163.139,165.16 2 0
github.com/lavanet/lava/protocol/statetracker/state_query.go:168.2,169.40 2 0
github.com/lavanet/lava/protocol/statetracker/state_query.go:182.2,182.22 1 0
github.com/lavanet/lava/protocol/statetracker/state_query.go:165.16,167.3 1 0
github.com/lavanet/lava/protocol/statetracker/state_query.go:169.40,171.32 2 0
github.com/lavanet/lava/protocol/statetracker/state_query.go:171.32,172.42 1 0
github.com/lavanet/lava/protocol/statetracker/state_query.go:172.42,174.19 2 0
github.com/lavanet/lava/protocol/statetracker/state_query.go:177.5,178.41 2 0
github.com/lavanet/lava/protocol/statetracker/state_query.go:174.19,176.6 1 0
github.com/lavanet/lava/protocol/statetracker/state_query.go:185.135,187.16 2 0
github.com/lavanet/lava/protocol/statetracker/state_query.go:190.2,191.40 2 0
github.com/lavanet/lava/protocol/statetracker/state_query.go:205.2,206.41 2 0
github.com/lavanet/lava/protocol/statetracker/state_query.go:228.2,228.8 1 0
github.com/lavanet/lava/protocol/statetracker/state_query.go:187.16,189.3 1 0
github.com/lavanet/lava/protocol/statetracker/state_query.go:191.40,193.32 2 0
github.com/lavanet/lava/protocol/statetracker/state_query.go:193.32,194.84 1 0
github.com/lavanet/lava/protocol/statetracker/state_query.go:194.84,196.19 2 0
github.com/lavanet/lava/protocol/statetracker/state_query.go:199.5,200.32 2 0
github.com/lavanet/lava/protocol/statetracker/state_query.go:196.19,198.6 1 0
github.com/lavanet/lava/protocol/statetracker/state_query.go:206.41,207.80 1 0
github.com/lavanet/lava/protocol/statetracker/state_query.go:216.3,216.82 1 0
github.com/lavanet/lava/protocol/statetracker/state_query.go:207.80,209.18 2 0
github.com/lavanet/lava/protocol/statetracker/state_query.go:212.4,214.38 3 0
github.com/lavanet/lava/protocol/statetracker/state_query.go:209.18,211.5 1 0
github.com/lavanet/lava/protocol/statetracker/state_query.go:216.82,218.18 2 0
github.com/lavanet/lava/protocol/statetracker/state_query.go:223.4,225.95 3 0
github.com/lavanet/lava/protocol/statetracker/state_query.go:218.18,219.51 1 0
github.com/lavanet/lava/protocol/statetracker/state_query.go:219.51,221.6 1 0
github.com/lavanet/lava/protocol/statetracker/state_query.go:231.182,236.37 4 0
github.com/lavanet/lava/protocol/statetracker/state_query.go:243.2,243.27 1 0
github.com/lavanet/lava/protocol/statetracker/state_query.go:255.2,255.27 1 0
github.com/lavanet/lava/protocol/statetracker/state_query.go:258.2,258.61 1 0
github.com/lavanet/lava/protocol/statetracker/state_query.go:236.37,237.87 1 0
github.com/lavanet/lava/protocol/statetracker/state_query.go:237.87,239.4 1 0
github.com/lavanet/lava/protocol/statetracker/state_query.go:239.9,241.4 1 0
github.com/lavanet/lava/protocol/statetracker/state_query.go:243.27,250.17 2 0
github.com/lavanet/lava/protocol/statetracker/state_query.go:253.3,253.106 1 0
github.com/lavanet/lava/protocol/statetracker/state_query.go:250.17,252.4 1 0
github.com/lavanet/lava/protocol/statetracker/state_query.go:255.27,257.3 1 0
github.com/lavanet/lava/protocol/statetracker/state_query.go:261.152,263.16 2 1
github.com/lavanet/lava/protocol/statetracker/state_query.go:267.2,267.58 1 1
github.com/lavanet/lava/protocol/statetracker/state_query.go:263.16,265.3 1 0
github.com/lavanet/lava/protocol/statetracker/state_query.go:270.82,272.16 2 2
github.com/lavanet/lava/protocol/statetracker/state_query.go:275.2,275.36 1 2
github.com/lavanet/lava/protocol/statetracker/state_query.go:272.16,274.3 1 0
github.com/lavanet/lava/protocol/statetracker/state_query.go:278.91,280.16 2 1
github.com/lavanet/lava/protocol/statetracker/state_query.go:283.2,283.44 1 1
github.com/lavanet/lava/protocol/statetracker/state_query.go:280.16,282.3 1 0
github.com/lavanet/lava/protocol/statetracker/state_query.go:286.108,288.16 2 2
github.com/lavanet/lava/protocol/statetracker/state_query.go:291.2,291.65 1 2
github.com/lavanet/lava/protocol/statetracker/state_query.go:288.16,290.3 1 0
github.com/lavanet/lava/protocol/statetracker/state_query.go:294.129,296.16 2 1
github.com/lavanet/lava/protocol/statetracker/state_query.go:299.2,300.16 2 1
github.com/lavanet/lava/protocol/statetracker/state_query.go:303.2,303.61 1 1
github.com/lavanet/lava/protocol/statetracker/state_query.go:296.16,298.3 1 0
github.com/lavanet/lava/protocol/statetracker/state_query.go:300.16,302.3 1 0
github.com/lavanet/lava/protocol/statetracker/state_tracker.go:31.162,34.16 3 2
github.com/lavanet/lava/protocol/statetracker/state_tracker.go:37.2,44.17 3 2
github.com/lavanet/lava/protocol/statetracker/state_tracker.go:34.16,36.3 1 0
github.com/lavanet/lava/protocol/statetracker/state_tracker.go:47.58,51.51 3 1
github.com/lavanet/lava/protocol/statetracker/state_tracker.go:51.51,53.3 1 1
github.com/lavanet/lava/protocol/statetracker/state_tracker.go:56.91,60.9 4 2
github.com/lavanet/lava/protocol/statetracker/state_tracker.go:64.2,64.24 1 2
github.com/lavanet/lava/protocol/statetracker/state_tracker.go:60.9,63.3 2 1
github.com/lavanet/lava/protocol/statetracker/tx_sender.go:32.114,37.2 3 2
github.com/lavanet/lava/protocol/statetracker/tx_sender.go:39.121,42.35 3 0
github.com/lavanet/lava/protocol/statetracker/tx_sender.go:57.2,63.33 5 0
github.com/lavanet/lava/protocol/statetracker/tx_sender.go:66.2,66.12 1 0
github.com/lavanet/lava/protocol/statetracker/tx_sender.go:42.35,43.43 1 0
github.com/lavanet/lava/protocol/statetracker/tx_sender.go:43.43,44.49 1 0
github.com/lavanet/lava/protocol/statetracker/tx_sender.go:44.49,45.43 1 0
github.com/lavanet/lava/protocol/statetracker/tx_sender.go:45.43,47.20 2 0
github.com/lavanet/lava/protocol/statetracker/tx_sender.go:50.6,51.11 2 0
github.com/lavanet/lava/protocol/statetracker/tx_sender.go:47.20,49.7 1 0
github.com/lavanet/lava/protocol/statetracker/tx_sender.go:63.33,65.3 1 0
github.com/lavanet/lava/protocol/statetracker/tx_sender.go:69.110,72.44 3 0
github.com/lavanet/lava/protocol/statetracker/tx_sender.go:75.2,77.16 3 0
github.com/lavanet/lava/protocol/statetracker/tx_sender.go:81.2,82.16 2 0
github.com/lavanet/lava/protocol/statetracker/tx_sender.go:86.2,86.24 1 0
github.com/lavanet/lava/protocol/statetracker/tx_sender.go:93.2,100.58 8 0
github.com/lavanet/lava/protocol/statetracker/tx_sender.go:147.2,147.14 1 0
github.com/lavanet/lava/protocol/statetracker/tx_sender.go:150.2,151.12 2 0
github.com/lavanet/lava/protocol/statetracker/tx_sender.go:72.44,74.3 1 0
github.com/lavanet/lava/protocol/statetracker/tx_sender.go:77.16,79.3 1 0
github.com/lavanet/lava/protocol/statetracker/tx_sender.go:82.16,84.3 1 0
github.com/lavanet/lava/protocol/statetracker/tx_sender.go:86.24,88.17 2 0
github.com/lavanet/lava/protocol/statetracker/tx_sender.go:88.17,90.4 1 0
github.com/lavanet/lava/protocol/statetracker/tx_sender.go:100.58,101.23 1 0
github.com/lavanet/lava/protocol/statetracker/tx_sender.go:123.3,125.17 3 0
github.com/lavanet/lava/protocol/statetracker/tx_sender.go:133.3,136.22 3 0
github.com/lavanet/lava/protocol/statetracker/tx_sender.go:101.23,106.33 2 0
github.com/lavanet/lava/protocol/statetracker/tx_sender.go:117.4,121.6 3 0
github.com/lavanet/lava/protocol/statetracker/tx_sender.go:106.33,109.5 2 0
github.com/lavanet/lava/protocol/statetracker/tx_sender.go:109.10,112.19 3 0
github.com/lavanet/lava/protocol/statetracker/tx_sender.go:112.19,114.11 2 0
github.com/lavanet/lava/protocol/statetracker/tx_sender.go:125.17,130.4 2 0
github.com/lavanet/lava/protocol/statetracker/tx_sender.go:130.9,132.4 1 0
github.com/lavanet/lava/protocol/statetracker/tx_sender.go:136.22,138.4 1 0
github.com/lavanet/lava/protocol/statetracker/tx_sender.go:138.9,138.69 1 0
github.com/lavanet/lava/protocol/statetracker/tx_sender.go:138.69,141.18 3 0
github.com/lavanet/lava/protocol/statetracker/tx_sender.go:144.4,144.51 1 0
github.com/lavanet/lava/protocol/statetracker/tx_sender.go:141.18,143.5 1 0
github.com/lavanet/lava/protocol/statetracker/tx_sender.go:147.14,149.3 1 0
github.com/lavanet/lava/protocol/statetracker/tx_sender.go:155.72,159.81 3 4
github.com/lavanet/lava/protocol/statetracker/tx_sender.go:163.2,164.34 2 3
github.com/lavanet/lava/protocol/statetracker/tx_sender.go:179.2,179.17 1 2
github.com/lavanet/lava/protocol/statetracker/tx_sender.go:159.81,161.3 1 1
github.com/lavanet/lava/protocol/statetracker/tx_sender.go:164.34,166.17 2 2
github.com/lavanet/lava/protocol/statetracker/tx_sender.go:170.3,170.19 1 1
github.com/lavanet/lava/protocol/statetracker/tx_sender.go:174.3,174.19 1 1
github.com/lavanet/lava/protocol/statetracker/tx_sender.go:166.17,168.4 1 1
github.com/lavanet/lava/protocol/statetracker/tx_sender.go:170.19,172.4 1 1
github.com/lavanet/lava/protocol/statetracker/tx_sender.go:174.19,176.4 1 1
github.com/lavanet/lava/protocol/statetracker/tx_sender.go:186.130,188.16 2 1
github.com/lavanet/lava/protocol/statetracker/tx_sender.go:191.2,192.16 2 1
github.com/lavanet/lava/protocol/statetracker/tx_sender.go:188.16,190.3 1 0
github.com/lavanet/lava/protocol/statetracker/tx_sender.go:195.242,200.16 3 0
github.com/lavanet/lava/protocol/statetracker/tx_sender.go:203.2,203.12 1 0
github.com/lavanet/lava/protocol/statetracker/tx_sender.go:200.16,202.3 1 0
github.com/lavanet/lava/protocol/statetracker/tx_sender.go:210.130,212.16 2 0
github.com/lavanet/lava/protocol/statetracker/tx_sender.go:215.2,216.16 2 0
github.com/lavanet/lava/protocol/statetracker/tx_sender.go:212.16,214.3 1 0
github.com/lavanet/lava/protocol/statetracker/tx_sender.go:219.136,222.16 3 0
github.com/lavanet/lava/protocol/statetracker/tx_sender.go:225.2,225.12 1 0
github.com/lavanet/lava/protocol/statetracker/tx_sender.go:222.16,224.3 1 0
github.com/lavanet/lava/protocol/statetracker/tx_sender.go:228.101,231.16 3 0
github.com/lavanet/lava/protocol/statetracker/tx_sender.go:234.2,234.12 1 0
github.com/lavanet/lava/protocol/statetracker/tx_sender.go:231.16,233.3 1 0
github.com/lavanet/lava/protocol/statetracker/tx_sender.go:237.105,240.16 3 0
github.com/lavanet/lava/protocol/statetracker/tx_sender.go:243.2,243.12 1 0
github.com/lavanet/lava/protocol/statetracker/tx_sender.go:240.16,242.3 1 0
github.com/lavanet/lava/protocol/statetracker/consumer_state_tracker.go:25.178,27.16 2 0
github.com/lavanet/lava/protocol/statetracker/consumer_state_tracker.go:30.2,31.16 2 0
github.com/lavanet/lava/protocol/statetracker/consumer_state_tracker.go:34.2,35.17 2 0
github.com/lavanet/lava/protocol/statetracker/consumer_state_tracker.go:27.16,29.3 1 0
github.com/lavanet/lava/protocol/statetracker/consumer_state_tracker.go:31.16,33.3 1 0
github.com/lavanet/lava/protocol/statetracker/consumer_state_tracker.go:38.163,43.9 4 0
github.com/lavanet/lava/protocol/statetracker/consumer_state_tracker.go:46.2,47.16 2 0
github.com/lavanet/lava/protocol/statetracker/consumer_state_tracker.go:43.9,45.3 1 0
github.com/lavanet/lava/protocol/statetracker/consumer_state_tracker.go:47.16,49.3 1 0
github.com/lavanet/lava/protocol/statetracker/consumer_state_tracker.go:52.154,56.9 4 0
github.com/lavanet/lava/protocol/statetracker/consumer_state_tracker.go:59.2,59.83 1 0
github.com/lavanet/lava/protocol/statetracker/consumer_state_tracker.go:56.9,58.3 1 0
github.com/lavanet/lava/protocol/statetracker/consumer_state_tracker.go:62.145,65.16 2 0
github.com/lavanet/lava/protocol/statetracker/consumer_state_tracker.go:68.2,69.12 2 0
github.com/lavanet/lava/protocol/statetracker/consumer_state_tracker.go:65.16,67.3 1 0
github.com/lavanet/lava/protocol/statetracker/consumer_state_tracker.go:72.247,75.2 2 0
github.com/lavanet/lava/protocol/statetracker/epoch_updater.go:25.76,27.2 1 4
github.com/lavanet/lava/protocol/statetracker/epoch_updater.go:29.100,31.2 1 2
github.com/lavanet/lava/protocol/statetracker/epoch_updater.go:33.45,35.2 1 1
github.com/lavanet/lava/protocol/statetracker/epoch_updater.go:37.51,40.16 3 3
github.com/lavanet/lava/protocol/statetracker/epoch_updater.go:43.2,43.37 1 2
github.com/lavanet/lava/protocol/statetracker/epoch_updater.go:46.2,47.52 2 1
github.com/lavanet/lava/protocol/statetracker/epoch_updater.go:40.16,42.3 1 1
github.com/lavanet/lava/protocol/statetracker/epoch_updater.go:43.37,45.3 1 1
github.com/lavanet/lava/protocol/statetracker/epoch_updater.go:47.52,49.3 1 1
github.com/lavanet/lava/protocol/statetracker/pairing_updater.go:28.79,30.2 1 2
github.com/lavanet/lava/protocol/statetracker/pairing_updater.go:32.130,35.16 3 3
github.com/lavanet/lava/protocol/statetracker/pairing_updater.go:38.2,39.48 2 2
github.com/lavanet/lava/protocol/statetracker/pairing_updater.go:43.2,44.9 2 2
github.com/lavanet/lava/protocol/statetracker/pairing_updater.go:48.2,49.12 2 1
github.com/lavanet/lava/protocol/statetracker/pairing_updater.go:35.16,37.3 1 1
github.com/lavanet/lava/protocol/statetracker/pairing_updater.go:39.48,42.3 1 2
github.com/lavanet/lava/protocol/statetracker/pairing_updater.go:44.9,47.3 2 1
github.com/lavanet/lava/protocol/statetracker/pairing_updater.go:52.47,54.2 1 1
github.com/lavanet/lava/protocol/statetracker/pairing_updater.go:56.53,58.48 2 5
github.com/lavanet/lava/protocol/statetracker/pairing_updater.go:61.2,62.81 2 2
github.com/lavanet/lava/protocol/statetracker/pairing_updater.go:80.2,81.57 2 2
github.com/lavanet/lava/protocol/statetracker/pairing_updater.go:86.2,86.47 1 2
github.com/lavanet/lava/protocol/statetracker/pairing_updater.go:58.48,60.3 1 3
github.com/lavanet/lava/protocol/statetracker/pairing_updater.go:62.81,64.17 2 2
github.com/lavanet/lava/protocol/statetracker/pairing_updater.go:71.3,71.69 1 1
github.com/lavanet/lava/protocol/statetracker/pairing_updater.go:64.17,67.12 3 1
github.com/lavanet/lava/protocol/statetracker/pairing_updater.go:68.9,70.4 1 1
github.com/lavanet/lava/protocol/statetracker/pairing_updater.go:71.69,74.18 2 1
github.com/lavanet/lava/protocol/statetracker/pairing_updater.go:74.18,76.13 2 0
github.com/lavanet/lava/protocol/statetracker/pairing_updater.go:81.57,82.56 1 2
github.com/lavanet/lava/protocol/statetracker/pairing_updater.go:82.56,84.4 1 2
github.com/lavanet/lava/protocol/statetracker/pairing_updater.go:89.208,91.16 2 4
github.com/lavanet/lava/protocol/statetracker/pairing_updater.go:94.2,95.8 2 3
github.com/lavanet/lava/protocol/statetracker/pairing_updater.go:91.16,93.3 1 1
github.com/lavanet/lava/protocol/statetracker/pairing_updater.go:98.241,101.39 2 8
github.com/lavanet/lava/protocol/statetracker/pairing_updater.go:142.2,142.23 1 7
github.com/lavanet/lava/protocol/statetracker/pairing_updater.go:146.2,146.21 1 4
github.com/lavanet/lava/protocol/statetracker/pairing_updater.go:101.39,105.34 2 7
github.com/lavanet/lava/protocol/statetracker/pairing_updater.go:110.3,111.46 2 6
github.com/lavanet/lava/protocol/statetracker/pairing_updater.go:117.3,117.34 1 6
github.com/lavanet/lava/protocol/statetracker/pairing_updater.go:122.3,123.17 2 5
github.com/lavanet/lava/protocol/statetracker/pairing_updater.go:127.3,128.56 2 4
github.com/lavanet/lava/protocol/statetracker/pairing_updater.go:133.3,140.5 1 4
github.com/lavanet/lava/protocol/statetracker/pairing_updater.go:105.34,107.12 2 1
github.com/lavanet/lava/protocol/statetracker/pairing_updater.go:111.46,113.103 1 6
github.com/lavanet/lava/protocol/statetracker/pairing_updater.go:113.103,115.5 1 5
github.com/lavanet/lava/protocol/statetracker/pairing_updater.go:117.34,119.12 2 1
github.com/lavanet/lava/protocol/statetracker/pairing_updater.go:123.17,125.4 1 1
github.com/lavanet/lava/protocol/statetracker/pairing_updater.go:128.56,131.4 2 4
github.com/lavanet/lava/protocol/statetracker/pairing_updater.go:142.23,144.3 1 3
github.com/lavanet/lava/protocol/statetracker/provider_state_tracker.go:25.178,27.16 2 0
github.com/lavanet/lava/protocol/statetracker/provider_state_tracker.go:30.2,31.16 2 0
github.com/lavanet/lava/protocol/statetracker/provider_state_tracker.go:34.2,35.17 2 0
github.com/lavanet/lava/protocol/statetracker/provider_state_tracker.go:27.16,29.3 1 0
github.com/lavanet/lava/protocol/statetracker/provider_state_tracker.go:31.16,33.3 1 0
github.com/lavanet/lava/protocol/statetracker/provider_state_tracker.go:38.110,42.9 4 0
github.com/lavanet/lava/protocol/statetracker/provider_state_tracker.go:45.2,45.58 1 0
github.com/lavanet/lava/protocol/statetracker/provider_state_tracker.go:42.9,44.3 1 0
github.com/lavanet/lava/protocol/statetracker/provider_state_tracker.go:48.145,50.16 2 0
github.com/lavanet/lava/protocol/statetracker/provider_state_tracker.go:53.2,54.12 2 0
github.com/lavanet/lava/protocol/statetracker/provider_state_tracker.go:50.16,52.3 1 0
github.com/lavanet/lava/protocol/statetracker/provider_state_tracker.go:57.169,61.9 4 0
github.com/lavanet/lava/protocol/statetracker/provider_state_tracker.go:64.2,65.65 2 0
github.com/lavanet/lava/protocol/statetracker/provider_state_tracker.go:61.9,63.3 1 0
github.com/lavanet/lava/protocol/statetracker/provider_state_tracker.go:68.126,72.9 4 0
github.com/lavanet/lava/protocol/statetracker/provider_state_tracker.go:76.2,76.64 1 0
github.com/lavanet/lava/protocol/statetracker/provider_state_tracker.go:72.9,74.3 1 0
github.com/lavanet/lava/protocol/statetracker/provider_state_tracker.go:79.140,81.2 1 0
github.com/lavanet/lava/protocol/statetracker/provider_state_tracker.go:83.105,85.2 1 0
github.com/lavanet/lava/protocol/statetracker/provider_state_tracker.go:86.109,88.2 1 0
github.com/lavanet/lava/protocol/statetracker/provider_state_tracker.go:90.54,92.2 1 0
github.com/lavanet/lava/protocol/statetracker/provider_state_tracker.go:94.183,96.2 1 0
github.com/lavanet/lava/protocol/statetracker/provider_state_tracker.go:98.184,100.2 1 0
github.com/lavanet/lava/protocol/statetracker/provider_state_tracker.go:102.154,104.2 1 0
github.com/lavanet/lava/protocol/statetracker/provider_state_tracker.go:106.84,108.2 1 0
github.com/lavanet/lava/protocol/statetracker/provider_state_tracker.go:110.93,112.2 1 0
github.com/lavanet/lava/protocol/statetracker/provider_state_tracker.go:114.110,116.2 1 0
github.com/lavanet/lava/protocol/statetracker/provider_state_tracker.go:118.131,120.2 1 0
github.com/lavanet/lava/protocol/statetracker/vote_updater.go:26.78,28.2 1 4
github.com/lavanet/lava/protocol/statetracker/vote_updater.go:30.130,32.2 1 3
github.com/lavanet/lava/protocol/statetracker/vote_updater.go:34.44,36.2 1 1
github.com/lavanet/lava/protocol/statetracker/vote_updater.go:38.50,41.16 3 2
github.com/lavanet/lava/protocol/statetracker/vote_updater.go:44.2,44.29 1 1
github.com/lavanet/lava/protocol/statetracker/vote_updater.go:41.16,43.3 1 1
github.com/lavanet/lava/protocol/statetracker/vote_updater.go:44.29,48.3 3 1
