2022/06/02 11:34:27 Sentry updated spec for chainID: ETH1 Spec name:Ethereum Mainnet
2022/06/02 11:34:27 update pairing list! [0xc00064a320 0xc00064a640]
2022/06/02 11:34:28 TestClient connecting
2022/06/02 11:34:29 Client pubkey 9737978F2C90C9721640D281557AE1A7C3914F30
2022/06/02 11:34:29 reply JSONRPC_ETH_BLOCKNUMBER data:"{\"jsonrpc\":\"2.0\",\"id\":1,\"result\":\"0xe333ec\"}" 
2022/06/02 11:34:29 reply JSONRPC_ETH_GETBALANCE data:"{\"jsonrpc\":\"2.0\",\"id\":77,\"result\":\"0x443c756cd47d5c7d5e\"}" 
2022/06/02 11:34:29 reply JSONRPC_ETH_BLOCKNUMBER data:"{\"jsonrpc\":\"2.0\",\"id\":1,\"result\":\"0xe333ec\"}" 
2022/06/02 11:34:30 reply JSONRPC_ETH_GETBALANCE data:"{\"jsonrpc\":\"2.0\",\"id\":77,\"result\":\"0x443c756cd47d5c7d5e\"}" 
2022/06/02 11:34:30 reply JSONRPC_ETH_BLOCKNUMBER data:"{\"jsonrpc\":\"2.0\",\"id\":1,\"result\":\"0xe333ec\"}" 
2022/06/02 11:34:30 reply JSONRPC_ETH_GETBALANCE data:"{\"jsonrpc\":\"2.0\",\"id\":77,\"result\":\"0x443c756cd47d5c7d5e\"}" 
2022/06/02 11:34:30 reply JSONRPC_ETH_BLOCKNUMBER data:"{\"jsonrpc\":\"2.0\",\"id\":1,\"result\":\"0xe333ec\"}" 
2022/06/02 11:34:30 reply JSONRPC_ETH_GETBALANCE data:"{\"jsonrpc\":\"2.0\",\"id\":77,\"result\":\"0x443c756cd47d5c7d5e\"}" 
2022/06/02 11:34:30 reply JSONRPC_ETH_BLOCKNUMBER data:"{\"jsonrpc\":\"2.0\",\"id\":1,\"result\":\"0xe333ec\"}" 
2022/06/02 11:34:30 reply JSONRPC_ETH_GETBALANCE data:"{\"jsonrpc\":\"2.0\",\"id\":77,\"result\":\"0x443c756cd47d5c7d5e\"}" 
2022/06/02 11:34:30 reply JSONRPC_ETH_BLOCKNUMBER data:"{\"jsonrpc\":\"2.0\",\"id\":1,\"result\":\"0xe333ec\"}" 
2022/06/02 11:34:30 reply JSONRPC_ETH_GETBALANCE data:"{\"jsonrpc\":\"2.0\",\"id\":77,\"result\":\"0x443c756cd47d5c7d5e\"}" 
2022/06/02 11:34:30 reply JSONRPC_ETH_BLOCKNUMBER data:"{\"jsonrpc\":\"2.0\",\"id\":1,\"result\":\"0xe333ec\"}" 
2022/06/02 11:34:30 reply JSONRPC_ETH_GETBALANCE data:"{\"jsonrpc\":\"2.0\",\"id\":77,\"result\":\"0x443c756cd47d5c7d5e\"}" 
2022/06/02 11:34:31 reply JSONRPC_ETH_BLOCKNUMBER data:"{\"jsonrpc\":\"2.0\",\"id\":1,\"result\":\"0xe333ec\"}" 
2022/06/02 11:34:31 reply JSONRPC_ETH_GETBALANCE data:"{\"jsonrpc\":\"2.0\",\"id\":77,\"result\":\"0x443c756cd47d5c7d5e\"}" 
2022/06/02 11:34:31 reply JSONRPC_ETH_BLOCKNUMBER data:"{\"jsonrpc\":\"2.0\",\"id\":1,\"result\":\"0xe333ec\"}" 
2022/06/02 11:34:31 reply JSONRPC_ETH_GETBALANCE data:"{\"jsonrpc\":\"2.0\",\"id\":77,\"result\":\"0x443c756cd47d5c7d5e\"}" 
2022/06/02 11:34:31 reply JSONRPC_ETH_BLOCKNUMBER data:"{\"jsonrpc\":\"2.0\",\"id\":1,\"result\":\"0xe333ec\"}" 
2022/06/02 11:34:31 reply JSONRPC_ETH_GETBALANCE data:"{\"jsonrpc\":\"2.0\",\"id\":77,\"result\":\"0x443c756cd47d5c7d5e\"}" 
2022/06/02 11:34:33 reply JSONRPC_ETH_BLOCKNUMBER data:"{\"jsonrpc\":\"2.0\",\"id\":1,\"result\":\"0xe333ec\"}" 
2022/06/02 11:34:33 reply JSONRPC_ETH_GETBALANCE data:"{\"jsonrpc\":\"2.0\",\"id\":77,\"result\":\"0x443c756cd47d5c7d5e\"}" 
2022/06/02 11:34:33 reply JSONRPC_ETH_BLOCKNUMBER data:"{\"jsonrpc\":\"2.0\",\"id\":1,\"result\":\"0xe333ec\"}" 
2022/06/02 11:34:34 reply JSONRPC_ETH_GETBALANCE data:"{\"jsonrpc\":\"2.0\",\"id\":77,\"result\":\"0x443c756cd47d5c7d5e\"}" 
2022/06/02 11:34:34 reply JSONRPC_ETH_BLOCKNUMBER data:"{\"jsonrpc\":\"2.0\",\"id\":1,\"result\":\"0xe333ec\"}" 
2022/06/02 11:34:34 reply JSONRPC_ETH_GETBALANCE data:"{\"jsonrpc\":\"2.0\",\"id\":77,\"result\":\"0x443c756cd47d5c7d5e\"}" 
2022/06/02 11:34:34 reply JSONRPC_ETH_BLOCKNUMBER data:"{\"jsonrpc\":\"2.0\",\"id\":1,\"result\":\"0xe333ec\"}" 
2022/06/02 11:34:34 reply JSONRPC_ETH_GETBALANCE data:"{\"jsonrpc\":\"2.0\",\"id\":77,\"result\":\"0x443c756cd47d5c7d5e\"}" 
2022/06/02 11:34:34 reply JSONRPC_ETH_BLOCKNUMBER data:"{\"jsonrpc\":\"2.0\",\"id\":1,\"result\":\"0xe333ec\"}" 
2022/06/02 11:34:34 reply JSONRPC_ETH_GETBALANCE data:"{\"jsonrpc\":\"2.0\",\"id\":77,\"result\":\"0x443c756cd47d5c7d5e\"}" 
2022/06/02 11:34:34 reply JSONRPC_ETH_BLOCKNUMBER data:"{\"jsonrpc\":\"2.0\",\"id\":1,\"result\":\"0xe333ec\"}" 
2022/06/02 11:34:34 reply JSONRPC_ETH_GETBALANCE data:"{\"jsonrpc\":\"2.0\",\"id\":77,\"result\":\"0x443c756cd47d5c7d5e\"}" 
2022/06/02 11:34:34 reply JSONRPC_ETH_BLOCKNUMBER data:"{\"jsonrpc\":\"2.0\",\"id\":1,\"result\":\"0xe333ec\"}" 
2022/06/02 11:34:34 reply JSONRPC_ETH_GETBALANCE data:"{\"jsonrpc\":\"2.0\",\"id\":77,\"result\":\"0x443c756cd47d5c7d5e\"}" 
2022/06/02 11:34:35 reply JSONRPC_ETH_BLOCKNUMBER data:"{\"jsonrpc\":\"2.0\",\"id\":1,\"result\":\"0xe333ec\"}" 
2022/06/02 11:34:35 reply JSONRPC_ETH_GETBALANCE data:"{\"jsonrpc\":\"2.0\",\"id\":77,\"result\":\"0x443c756cd47d5c7d5e\"}" 
2022/06/02 11:34:35 reply JSONRPC_ETH_BLOCKNUMBER data:"{\"jsonrpc\":\"2.0\",\"id\":1,\"result\":\"0xe333ec\"}" 
2022/06/02 11:34:35 reply JSONRPC_ETH_GETBALANCE data:"{\"jsonrpc\":\"2.0\",\"id\":77,\"result\":\"0x443c756cd47d5c7d5e\"}" 
2022/06/02 11:34:35 reply JSONRPC_ETH_BLOCKNUMBER data:"{\"jsonrpc\":\"2.0\",\"id\":1,\"result\":\"0xe333ec\"}" 
2022/06/02 11:34:35 reply JSONRPC_ETH_GETBALANCE data:"{\"jsonrpc\":\"2.0\",\"id\":77,\"result\":\"0x443c756cd47d5c7d5e\"}" 
New session: Height: 60 
2022/06/02 11:34:35 update pairing list! [0xc000ea54a0 0xc00064a5a0]
2022/06/02 11:34:37 reply JSONRPC_ETH_BLOCKNUMBER data:"{\"jsonrpc\":\"2.0\",\"id\":1,\"result\":\"0xe333ec\"}" 
2022/06/02 11:34:37 reply JSONRPC_ETH_GETBALANCE data:"{\"jsonrpc\":\"2.0\",\"id\":77,\"result\":\"0x443c756cd47d5c7d5e\"}" 
2022/06/02 11:34:37 reply JSONRPC_ETH_BLOCKNUMBER data:"{\"jsonrpc\":\"2.0\",\"id\":1,\"result\":\"0xe333ec\"}" 
2022/06/02 11:34:37 reply JSONRPC_ETH_GETBALANCE data:"{\"jsonrpc\":\"2.0\",\"id\":77,\"result\":\"0x443c756cd47d5c7d5e\"}" 
2022/06/02 11:34:38 reply JSONRPC_ETH_BLOCKNUMBER data:"{\"jsonrpc\":\"2.0\",\"id\":1,\"result\":\"0xe333ec\"}" 
2022/06/02 11:34:38 reply JSONRPC_ETH_GETBALANCE data:"{\"jsonrpc\":\"2.0\",\"id\":77,\"result\":\"0x443c756cd47d5c7d5e\"}" 
2022/06/02 11:34:38 reply JSONRPC_ETH_BLOCKNUMBER data:"{\"jsonrpc\":\"2.0\",\"id\":1,\"result\":\"0xe333ec\"}" 
2022/06/02 11:34:38 reply JSONRPC_ETH_GETBALANCE data:"{\"jsonrpc\":\"2.0\",\"id\":77,\"result\":\"0x443c756cd47d5c7d5e\"}" 
2022/06/02 11:34:38 reply JSONRPC_ETH_BLOCKNUMBER data:"{\"jsonrpc\":\"2.0\",\"id\":1,\"result\":\"0xe333ec\"}" 
2022/06/02 11:34:38 reply JSONRPC_ETH_GETBALANCE data:"{\"jsonrpc\":\"2.0\",\"id\":77,\"result\":\"0x443c756cd47d5c7d5e\"}" 
2022/06/02 11:34:38 reply JSONRPC_ETH_BLOCKNUMBER data:"{\"jsonrpc\":\"2.0\",\"id\":1,\"result\":\"0xe333ec\"}" 
2022/06/02 11:34:38 reply JSONRPC_ETH_GETBALANCE data:"{\"jsonrpc\":\"2.0\",\"id\":77,\"result\":\"0x443c756cd47d5c7d5e\"}" 
2022/06/02 11:34:38 reply JSONRPC_ETH_BLOCKNUMBER data:"{\"jsonrpc\":\"2.0\",\"id\":1,\"result\":\"0xe333ec\"}" 
2022/06/02 11:34:38 reply JSONRPC_ETH_GETBALANCE data:"{\"jsonrpc\":\"2.0\",\"id\":77,\"result\":\"0x443c756cd47d5c7d5e\"}" 
2022/06/02 11:34:38 reply JSONRPC_ETH_BLOCKNUMBER data:"{\"jsonrpc\":\"2.0\",\"id\":1,\"result\":\"0xe333ec\"}" 
2022/06/02 11:34:39 reply JSONRPC_ETH_GETBALANCE data:"{\"jsonrpc\":\"2.0\",\"id\":77,\"result\":\"0x443c756cd47d5c7d5e\"}" 
2022/06/02 11:34:39 reply JSONRPC_ETH_BLOCKNUMBER data:"{\"jsonrpc\":\"2.0\",\"id\":1,\"result\":\"0xe333ec\"}" 
2022/06/02 11:34:39 reply JSONRPC_ETH_GETBALANCE data:"{\"jsonrpc\":\"2.0\",\"id\":77,\"result\":\"0x443c756cd47d5c7d5e\"}" 
2022/06/02 11:34:39 reply JSONRPC_ETH_BLOCKNUMBER data:"{\"jsonrpc\":\"2.0\",\"id\":1,\"result\":\"0xe333ec\"}" 
2022/06/02 11:34:39 reply JSONRPC_ETH_GETBALANCE data:"{\"jsonrpc\":\"2.0\",\"id\":77,\"result\":\"0x443c756cd47d5c7d5e\"}" 
2022/06/02 11:34:41 reply JSONRPC_ETH_BLOCKNUMBER data:"{\"jsonrpc\":\"2.0\",\"id\":1,\"result\":\"0xe333ec\"}" 
2022/06/02 11:34:41 reply JSONRPC_ETH_GETBALANCE data:"{\"jsonrpc\":\"2.0\",\"id\":77,\"result\":\"0x443c756cd47d5c7d5e\"}" 
2022/06/02 11:34:41 reply JSONRPC_ETH_BLOCKNUMBER data:"{\"jsonrpc\":\"2.0\",\"id\":1,\"result\":\"0xe333ec\"}" 
2022/06/02 11:34:41 reply JSONRPC_ETH_GETBALANCE data:"{\"jsonrpc\":\"2.0\",\"id\":77,\"result\":\"0x443c756cd47d5c7d5e\"}" 
2022/06/02 11:34:41 reply JSONRPC_ETH_BLOCKNUMBER data:"{\"jsonrpc\":\"2.0\",\"id\":1,\"result\":\"0xe333ec\"}" 
2022/06/02 11:34:41 reply JSONRPC_ETH_GETBALANCE data:"{\"jsonrpc\":\"2.0\",\"id\":77,\"result\":\"0x443c756cd47d5c7d5e\"}" 
2022/06/02 11:34:42 reply JSONRPC_ETH_BLOCKNUMBER data:"{\"jsonrpc\":\"2.0\",\"id\":1,\"result\":\"0xe333ec\"}" 
2022/06/02 11:34:42 reply JSONRPC_ETH_GETBALANCE data:"{\"jsonrpc\":\"2.0\",\"id\":77,\"result\":\"0x443c756cd47d5c7d5e\"}" 
2022/06/02 11:34:42 reply JSONRPC_ETH_BLOCKNUMBER data:"{\"jsonrpc\":\"2.0\",\"id\":1,\"result\":\"0xe333ec\"}" 
2022/06/02 11:34:42 reply JSONRPC_ETH_GETBALANCE data:"{\"jsonrpc\":\"2.0\",\"id\":77,\"result\":\"0x443c756cd47d5c7d5e\"}" 
2022/06/02 11:34:42 reply JSONRPC_ETH_BLOCKNUMBER data:"{\"jsonrpc\":\"2.0\",\"id\":1,\"result\":\"0xe333ec\"}" 
2022/06/02 11:34:42 reply JSONRPC_ETH_GETBALANCE data:"{\"jsonrpc\":\"2.0\",\"id\":77,\"result\":\"0x443c756cd47d5c7d5e\"}" 
2022/06/02 11:34:42 reply JSONRPC_ETH_BLOCKNUMBER data:"{\"jsonrpc\":\"2.0\",\"id\":1,\"result\":\"0xe333ec\"}" 
2022/06/02 11:34:42 reply JSONRPC_ETH_GETBALANCE data:"{\"jsonrpc\":\"2.0\",\"id\":77,\"result\":\"0x443c756cd47d5c7d5e\"}" 
2022/06/02 11:34:42 reply JSONRPC_ETH_BLOCKNUMBER data:"{\"jsonrpc\":\"2.0\",\"id\":1,\"result\":\"0xe333ec\"}" 
2022/06/02 11:34:42 reply JSONRPC_ETH_GETBALANCE data:"{\"jsonrpc\":\"2.0\",\"id\":77,\"result\":\"0x443c756cd47d5c7d5e\"}" 
2022/06/02 11:34:43 reply JSONRPC_ETH_BLOCKNUMBER data:"{\"jsonrpc\":\"2.0\",\"id\":1,\"result\":\"0xe333ec\"}" 
2022/06/02 11:34:43 reply JSONRPC_ETH_GETBALANCE data:"{\"jsonrpc\":\"2.0\",\"id\":77,\"result\":\"0x443c756cd47d5c7d5e\"}" 
2022/06/02 11:34:43 reply JSONRPC_ETH_BLOCKNUMBER data:"{\"jsonrpc\":\"2.0\",\"id\":1,\"result\":\"0xe333ec\"}" 
2022/06/02 11:34:43 reply JSONRPC_ETH_GETBALANCE data:"{\"jsonrpc\":\"2.0\",\"id\":77,\"result\":\"0x443c756cd47d5c7d5e\"}" 
2022/06/02 11:34:45 reply JSONRPC_ETH_BLOCKNUMBER data:"{\"jsonrpc\":\"2.0\",\"id\":1,\"result\":\"0xe333ec\"}" 
2022/06/02 11:34:45 reply JSONRPC_ETH_GETBALANCE data:"{\"jsonrpc\":\"2.0\",\"id\":77,\"result\":\"0x443c756cd47d5c7d5e\"}" 
2022/06/02 11:34:45 reply JSONRPC_ETH_BLOCKNUMBER data:"{\"jsonrpc\":\"2.0\",\"id\":1,\"result\":\"0xe333ec\"}" 
2022/06/02 11:34:45 reply JSONRPC_ETH_GETBALANCE data:"{\"jsonrpc\":\"2.0\",\"id\":77,\"result\":\"0x443c756cd47d5c7d5e\"}" 
2022/06/02 11:34:45 reply JSONRPC_ETH_BLOCKNUMBER data:"{\"jsonrpc\":\"2.0\",\"id\":1,\"result\":\"0xe333ec\"}" 
2022/06/02 11:34:45 reply JSONRPC_ETH_GETBALANCE data:"{\"jsonrpc\":\"2.0\",\"id\":77,\"result\":\"0x443c756cd47d5c7d5e\"}" 
2022/06/02 11:34:45 reply JSONRPC_ETH_BLOCKNUMBER data:"{\"jsonrpc\":\"2.0\",\"id\":1,\"result\":\"0xe333ec\"}" 
2022/06/02 11:34:46 reply JSONRPC_ETH_GETBALANCE data:"{\"jsonrpc\":\"2.0\",\"id\":77,\"result\":\"0x443c756cd47d5c7d5e\"}" 
2022/06/02 11:34:46 reply JSONRPC_ETH_BLOCKNUMBER data:"{\"jsonrpc\":\"2.0\",\"id\":1,\"result\":\"0xe333ec\"}" 
2022/06/02 11:34:46 reply JSONRPC_ETH_GETBALANCE data:"{\"jsonrpc\":\"2.0\",\"id\":77,\"result\":\"0x443c756cd47d5c7d5e\"}" 
2022/06/02 11:34:46 reply JSONRPC_ETH_BLOCKNUMBER data:"{\"jsonrpc\":\"2.0\",\"id\":1,\"result\":\"0xe333ec\"}" 
2022/06/02 11:34:46 reply JSONRPC_ETH_GETBALANCE data:"{\"jsonrpc\":\"2.0\",\"id\":77,\"result\":\"0x443c756cd47d5c7d5e\"}" 
2022/06/02 11:34:46 reply JSONRPC_ETH_BLOCKNUMBER data:"{\"jsonrpc\":\"2.0\",\"id\":1,\"result\":\"0xe333ec\"}" 
2022/06/02 11:34:46 reply JSONRPC_ETH_GETBALANCE data:"{\"jsonrpc\":\"2.0\",\"id\":77,\"result\":\"0x443c756cd47d5c7d5e\"}" 
2022/06/02 11:34:47 reply JSONRPC_ETH_BLOCKNUMBER data:"{\"jsonrpc\":\"2.0\",\"id\":1,\"result\":\"0xe333ec\"}" 
2022/06/02 11:34:47 reply JSONRPC_ETH_GETBALANCE data:"{\"jsonrpc\":\"2.0\",\"id\":77,\"result\":\"0x443c756cd47d5c7d5e\"}" 
2022/06/02 11:34:47 reply JSONRPC_ETH_BLOCKNUMBER data:"{\"jsonrpc\":\"2.0\",\"id\":1,\"result\":\"0xe333ec\"}" 
2022/06/02 11:34:47 reply JSONRPC_ETH_GETBALANCE data:"{\"jsonrpc\":\"2.0\",\"id\":77,\"result\":\"0x443c756cd47d5c7d5e\"}" 
2022/06/02 11:34:47 reply JSONRPC_ETH_BLOCKNUMBER data:"{\"jsonrpc\":\"2.0\",\"id\":1,\"result\":\"0xe333ec\"}" 
2022/06/02 11:34:47 reply JSONRPC_ETH_GETBALANCE data:"{\"jsonrpc\":\"2.0\",\"id\":77,\"result\":\"0x443c756cd47d5c7d5e\"}" 
2022/06/02 11:34:49 reply JSONRPC_ETH_BLOCKNUMBER data:"{\"jsonrpc\":\"2.0\",\"id\":1,\"result\":\"0xe333ec\"}" 
2022/06/02 11:34:49 reply JSONRPC_ETH_GETBALANCE data:"{\"jsonrpc\":\"2.0\",\"id\":77,\"result\":\"0x443c756cd47d5c7d5e\"}" 
2022/06/02 11:34:49 reply JSONRPC_ETH_BLOCKNUMBER data:"{\"jsonrpc\":\"2.0\",\"id\":1,\"result\":\"0xe333ec\"}" 
2022/06/02 11:34:49 reply JSONRPC_ETH_GETBALANCE data:"{\"jsonrpc\":\"2.0\",\"id\":77,\"result\":\"0x443c756cd47d5c7d5e\"}" 
2022/06/02 11:34:49 reply JSONRPC_ETH_BLOCKNUMBER data:"{\"jsonrpc\":\"2.0\",\"id\":1,\"result\":\"0xe333ec\"}" 
2022/06/02 11:34:50 reply JSONRPC_ETH_GETBALANCE data:"{\"jsonrpc\":\"2.0\",\"id\":77,\"result\":\"0x443c756cd47d5c7d5e\"}" 
2022/06/02 11:34:50 reply JSONRPC_ETH_BLOCKNUMBER data:"{\"jsonrpc\":\"2.0\",\"id\":1,\"result\":\"0xe333ec\"}" 
2022/06/02 11:34:50 reply JSONRPC_ETH_GETBALANCE data:"{\"jsonrpc\":\"2.0\",\"id\":77,\"result\":\"0x443c756cd47d5c7d5e\"}" 
2022/06/02 11:34:50 reply JSONRPC_ETH_BLOCKNUMBER data:"{\"jsonrpc\":\"2.0\",\"id\":1,\"result\":\"0xe333ec\"}" 
2022/06/02 11:34:50 reply JSONRPC_ETH_GETBALANCE data:"{\"jsonrpc\":\"2.0\",\"id\":77,\"result\":\"0x443c756cd47d5c7d5e\"}" 
2022/06/02 11:34:50 reply JSONRPC_ETH_BLOCKNUMBER data:"{\"jsonrpc\":\"2.0\",\"id\":1,\"result\":\"0xe333ec\"}" 
2022/06/02 11:34:50 reply JSONRPC_ETH_GETBALANCE data:"{\"jsonrpc\":\"2.0\",\"id\":77,\"result\":\"0x443c756cd47d5c7d5e\"}" 
2022/06/02 11:34:50 reply JSONRPC_ETH_BLOCKNUMBER data:"{\"jsonrpc\":\"2.0\",\"id\":1,\"result\":\"0xe333ec\"}" 
2022/06/02 11:34:50 reply JSONRPC_ETH_GETBALANCE data:"{\"jsonrpc\":\"2.0\",\"id\":77,\"result\":\"0x443c756cd47d5c7d5e\"}" 
2022/06/02 11:34:50 reply JSONRPC_ETH_BLOCKNUMBER data:"{\"jsonrpc\":\"2.0\",\"id\":1,\"result\":\"0xe333ec\"}" 
2022/06/02 11:34:50 reply JSONRPC_ETH_GETBALANCE data:"{\"jsonrpc\":\"2.0\",\"id\":77,\"result\":\"0x443c756cd47d5c7d5e\"}" 
2022/06/02 11:34:51 reply JSONRPC_ETH_BLOCKNUMBER data:"{\"jsonrpc\":\"2.0\",\"id\":1,\"result\":\"0xe333ec\"}" 
2022/06/02 11:34:51 reply JSONRPC_ETH_GETBALANCE data:"{\"jsonrpc\":\"2.0\",\"id\":77,\"result\":\"0x443c756cd47d5c7d5e\"}" 
2022/06/02 11:34:51 reply JSONRPC_ETH_BLOCKNUMBER data:"{\"jsonrpc\":\"2.0\",\"id\":1,\"result\":\"0xe333ec\"}" 
2022/06/02 11:34:51 reply JSONRPC_ETH_GETBALANCE data:"{\"jsonrpc\":\"2.0\",\"id\":77,\"result\":\"0x443c756cd47d5c7d5e\"}" 
2022/06/02 11:34:53 reply JSONRPC_ETH_BLOCKNUMBER data:"{\"jsonrpc\":\"2.0\",\"id\":1,\"result\":\"0xe333ec\"}" 
2022/06/02 11:34:53 reply JSONRPC_ETH_GETBALANCE data:"{\"jsonrpc\":\"2.0\",\"id\":77,\"result\":\"0x443c756cd47d5c7d5e\"}" 
2022/06/02 11:34:53 reply JSONRPC_ETH_BLOCKNUMBER data:"{\"jsonrpc\":\"2.0\",\"id\":1,\"result\":\"0xe333ec\"}" 
2022/06/02 11:34:53 reply JSONRPC_ETH_GETBALANCE data:"{\"jsonrpc\":\"2.0\",\"id\":77,\"result\":\"0x443c756cd47d5c7d5e\"}" 
2022/06/02 11:34:53 reply JSONRPC_ETH_BLOCKNUMBER data:"{\"jsonrpc\":\"2.0\",\"id\":1,\"result\":\"0xe333ec\"}" 
2022/06/02 11:34:53 reply JSONRPC_ETH_GETBALANCE data:"{\"jsonrpc\":\"2.0\",\"id\":77,\"result\":\"0x443c756cd47d5c7d5e\"}" 
2022/06/02 11:34:53 reply JSONRPC_ETH_BLOCKNUMBER data:"{\"jsonrpc\":\"2.0\",\"id\":1,\"result\":\"0xe333ec\"}" 
2022/06/02 11:34:54 reply JSONRPC_ETH_GETBALANCE data:"{\"jsonrpc\":\"2.0\",\"id\":77,\"result\":\"0x443c756cd47d5c7d5e\"}" 
2022/06/02 11:34:54 reply JSONRPC_ETH_BLOCKNUMBER data:"{\"jsonrpc\":\"2.0\",\"id\":1,\"result\":\"0xe333ec\"}" 
2022/06/02 11:34:54 reply JSONRPC_ETH_GETBALANCE data:"{\"jsonrpc\":\"2.0\",\"id\":77,\"result\":\"0x443c756cd47d5c7d5e\"}" 
2022/06/02 11:34:54 reply JSONRPC_ETH_BLOCKNUMBER data:"{\"jsonrpc\":\"2.0\",\"id\":1,\"result\":\"0xe333ec\"}" 
2022/06/02 11:34:54 reply JSONRPC_ETH_GETBALANCE data:"{\"jsonrpc\":\"2.0\",\"id\":77,\"result\":\"0x443c756cd47d5c7d5e\"}" 
signal: terminated
