2022/06/02 15:04:45 Sentry updated spec for chainID: ETH1 Spec name:Ethereum Mainnet
2022/06/02 15:04:46 Server starting 127.0.0.1:2223 node ws://kololo8ex9:ifififkwqlspAFJIjfdMCsdmasdgAKoakdFOAKSFOakfaSEFkbntb311esad@168.119.211.250/eth/ws/ spec Ethereum Mainnet chainID ETH1 api Interface jsonrpc
2022/06/02 15:04:47 Server pubkey A842B10B9BDF9EDE64A574B4C82A501621A5901C
2022/06/02 15:04:47 server listening at 127.0.0.1:2223
New session: Height: 180 
total CU serviced: 0, total CU paid: 0
New session: Height: 200 
total CU serviced: 0, total CU paid: 0
2022/06/02 15:05:14 server got Relay
2022/06/02 15:05:14 new user sessions 250000
2022/06/02 15:05:14 updateSessionCu eth_blockNumber 2970700287221458280 10 0 10
2022/06/02 15:05:14 active sessions: 
2022/06/02 15:05:14 {UsedComputeUnits:10 MaxComputeUnits:250000 Sessions:map[2970700287221458280:0xc001b63020]} 
2022/06/02 15:05:14 
2022/06/02 15:05:14 server got Relay
2022/06/02 15:05:14 updateSessionCu eth_getBalance 2970700287221458280 19 10 29
2022/06/02 15:05:14 server got Relay
2022/06/02 15:05:14 updateSessionCu eth_blockNumber 2970700287221458280 10 29 39
2022/06/02 15:05:14 server got Relay
2022/06/02 15:05:14 updateSessionCu eth_getBalance 2970700287221458280 19 39 58
2022/06/02 15:05:15 server got Relay
2022/06/02 15:05:15 updateSessionCu eth_getBalance 2970700287221458280 19 58 77
2022/06/02 15:05:15 server got Relay
2022/06/02 15:05:15 updateSessionCu eth_getBalance 2970700287221458280 19 77 96
2022/06/02 15:05:15 active sessions: 
2022/06/02 15:05:15 {UsedComputeUnits:96 MaxComputeUnits:250000 Sessions:map[2970700287221458280:0xc001b63020]} 
2022/06/02 15:05:15 
2022/06/02 15:05:15 server got Relay
2022/06/02 15:05:15 updateSessionCu eth_getBalance 2970700287221458280 19 96 115
2022/06/02 15:05:15 server got Relay
2022/06/02 15:05:15 updateSessionCu eth_blockNumber 2970700287221458280 10 115 125
2022/06/02 15:05:15 server got Relay
2022/06/02 15:05:15 updateSessionCu eth_blockNumber 2970700287221458280 10 125 135
2022/06/02 15:05:15 server got Relay
2022/06/02 15:05:15 updateSessionCu eth_getBalance 2970700287221458280 19 135 154
2022/06/02 15:05:16 server got Relay
2022/06/02 15:05:16 updateSessionCu eth_blockNumber 2970700287221458280 10 154 164
2022/06/02 15:05:16 server got Relay
2022/06/02 15:05:16 updateSessionCu eth_getBalance 2970700287221458280 19 164 183
2022/06/02 15:05:16 server got Relay
2022/06/02 15:05:16 updateSessionCu eth_blockNumber 2970700287221458280 10 183 193
2022/06/02 15:05:16 active sessions: 
2022/06/02 15:05:16 {UsedComputeUnits:193 MaxComputeUnits:250000 Sessions:map[2970700287221458280:0xc001b63020]} 
2022/06/02 15:05:16 
2022/06/02 15:05:17 active sessions: 
2022/06/02 15:05:17 {UsedComputeUnits:193 MaxComputeUnits:250000 Sessions:map[2970700287221458280:0xc001b63020]} 
2022/06/02 15:05:17 
2022/06/02 15:05:18 server got Relay
2022/06/02 15:05:18 updateSessionCu eth_getBalance 2970700287221458280 19 193 212
2022/06/02 15:05:18 active sessions: 
2022/06/02 15:05:18 {UsedComputeUnits:212 MaxComputeUnits:250000 Sessions:map[2970700287221458280:0xc001b63020]} 
2022/06/02 15:05:18 
2022/06/02 15:05:18 server got Relay
2022/06/02 15:05:18 updateSessionCu eth_getBalance 2970700287221458280 19 212 231
2022/06/02 15:05:19 server got Relay
2022/06/02 15:05:19 updateSessionCu eth_blockNumber 2970700287221458280 10 231 241
2022/06/02 15:05:19 server got Relay
2022/06/02 15:05:19 updateSessionCu eth_getBalance 2970700287221458280 19 241 260
2022/06/02 15:05:19 server got Relay
2022/06/02 15:05:19 updateSessionCu eth_blockNumber 2970700287221458280 10 260 270
2022/06/02 15:05:19 active sessions: 
2022/06/02 15:05:19 {UsedComputeUnits:270 MaxComputeUnits:250000 Sessions:map[2970700287221458280:0xc001b63020]} 
2022/06/02 15:05:19 
2022/06/02 15:05:19 server got Relay
2022/06/02 15:05:19 updateSessionCu eth_getBalance 2970700287221458280 19 270 289
2022/06/02 15:05:19 server got Relay
2022/06/02 15:05:19 updateSessionCu eth_blockNumber 2970700287221458280 10 289 299
2022/06/02 15:05:20 server got Relay
2022/06/02 15:05:20 updateSessionCu eth_blockNumber 2970700287221458280 10 299 309
2022/06/02 15:05:20 server got Relay
2022/06/02 15:05:20 updateSessionCu eth_getBalance 2970700287221458280 19 309 328
2022/06/02 15:05:20 active sessions: 
2022/06/02 15:05:20 {UsedComputeUnits:328 MaxComputeUnits:250000 Sessions:map[2970700287221458280:0xc001b63020]} 
2022/06/02 15:05:20 
2022/06/02 15:05:21 active sessions: 
2022/06/02 15:05:21 {UsedComputeUnits:328 MaxComputeUnits:250000 Sessions:map[2970700287221458280:0xc001b63020]} 
2022/06/02 15:05:21 
2022/06/02 15:05:22 active sessions: 
2022/06/02 15:05:22 {UsedComputeUnits:328 MaxComputeUnits:250000 Sessions:map[2970700287221458280:0xc001b63020]} 
2022/06/02 15:05:22 
2022/06/02 15:05:23 server got Relay
2022/06/02 15:05:23 updateSessionCu eth_getBalance 2970700287221458280 19 328 347
2022/06/02 15:05:23 active sessions: 
2022/06/02 15:05:23 {UsedComputeUnits:347 MaxComputeUnits:250000 Sessions:map[2970700287221458280:0xc001b63020]} 
2022/06/02 15:05:23 
2022/06/02 15:05:23 server got Relay
2022/06/02 15:05:23 updateSessionCu eth_blockNumber 2970700287221458280 10 347 357
2022/06/02 15:05:24 server got Relay
2022/06/02 15:05:24 updateSessionCu eth_blockNumber 2970700287221458280 10 357 367
2022/06/02 15:05:24 server got Relay
2022/06/02 15:05:24 updateSessionCu eth_getBalance 2970700287221458280 19 367 386
2022/06/02 15:05:24 server got Relay
2022/06/02 15:05:24 updateSessionCu eth_getBalance 2970700287221458280 19 386 405
2022/06/02 15:05:24 server got Relay
2022/06/02 15:05:24 updateSessionCu eth_blockNumber 2970700287221458280 10 405 415
2022/06/02 15:05:24 active sessions: 
2022/06/02 15:05:24 {UsedComputeUnits:415 MaxComputeUnits:250000 Sessions:map[2970700287221458280:0xc001b63020]} 
2022/06/02 15:05:24 
2022/06/02 15:05:24 server got Relay
2022/06/02 15:05:24 updateSessionCu eth_blockNumber 2970700287221458280 10 415 425
2022/06/02 15:05:25 server got Relay
2022/06/02 15:05:25 updateSessionCu eth_blockNumber 2970700287221458280 10 425 435
2022/06/02 15:05:25 server got Relay
2022/06/02 15:05:25 updateSessionCu eth_blockNumber 2970700287221458280 10 435 445
2022/06/02 15:05:25 active sessions: 
2022/06/02 15:05:25 {UsedComputeUnits:445 MaxComputeUnits:250000 Sessions:map[2970700287221458280:0xc001b63020]} 
2022/06/02 15:05:25 
2022/06/02 15:05:26 active sessions: 
2022/06/02 15:05:26 {UsedComputeUnits:445 MaxComputeUnits:250000 Sessions:map[2970700287221458280:0xc001b63020]} 
2022/06/02 15:05:26 
2022/06/02 15:05:27 active sessions: 
2022/06/02 15:05:27 {UsedComputeUnits:445 MaxComputeUnits:250000 Sessions:map[2970700287221458280:0xc001b63020]} 
2022/06/02 15:05:27 
2022/06/02 15:05:27 server got Relay
2022/06/02 15:05:27 updateSessionCu eth_getBalance 2970700287221458280 19 445 464
2022/06/02 15:05:28 server got Relay
2022/06/02 15:05:28 updateSessionCu eth_blockNumber 2970700287221458280 10 464 474
2022/06/02 15:05:28 server got Relay
2022/06/02 15:05:28 updateSessionCu eth_getBalance 2970700287221458280 19 474 493
2022/06/02 15:05:28 server got Relay
2022/06/02 15:05:28 updateSessionCu eth_blockNumber 2970700287221458280 10 493 503
2022/06/02 15:05:28 server got Relay
2022/06/02 15:05:28 updateSessionCu eth_getBalance 2970700287221458280 19 503 522
2022/06/02 15:05:28 active sessions: 
2022/06/02 15:05:28 {UsedComputeUnits:522 MaxComputeUnits:250000 Sessions:map[2970700287221458280:0xc001b63020]} 
2022/06/02 15:05:28 
2022/06/02 15:05:29 server got Relay
2022/06/02 15:05:29 updateSessionCu eth_getBalance 2970700287221458280 19 522 541
2022/06/02 15:05:29 server got Relay
2022/06/02 15:05:29 updateSessionCu eth_blockNumber 2970700287221458280 10 541 551
2022/06/02 15:05:29 server got Relay
2022/06/02 15:05:29 updateSessionCu eth_blockNumber 2970700287221458280 10 551 561
2022/06/02 15:05:29 active sessions: 
2022/06/02 15:05:29 {UsedComputeUnits:561 MaxComputeUnits:250000 Sessions:map[2970700287221458280:0xc001b63020]} 
2022/06/02 15:05:29 
2022/06/02 15:05:30 active sessions: 
2022/06/02 15:05:30 {UsedComputeUnits:561 MaxComputeUnits:250000 Sessions:map[2970700287221458280:0xc001b63020]} 
2022/06/02 15:05:30 
signal: terminated
