2022/06/02 17:10:51 Sentry updated spec for chainID: ETH1 Spec name:Ethereum Mainnet
2022/06/02 17:10:52 Server starting 127.0.0.1:2222 node ws://kololo8ex9:ifififkwqlspAFJIjfdMCsdmasdgAKoakdFOAKSFOakfaSEFkbntb311esad@168.119.211.250/eth/ws/ spec Ethereum Mainnet chainID ETH1 api Interface jsonrpc
2022/06/02 17:10:53 Server pubkey 4F4E863145933B7AD7CD5352C93986B94C44D548
2022/06/02 17:10:53 server listening at 127.0.0.1:2222
New session: Height: 40 
total CU serviced: 0, total CU paid: 0
2022/06/02 17:11:02 server got Relay
2022/06/02 17:11:02 new user sessions 250000
2022/06/02 17:11:02 updateSessionCu eth_getBalance 1976235410884491574 19 0 19
2022/06/02 17:11:02 server got Relay
2022/06/02 17:11:02 updateSessionCu eth_blockNumber 1976235410884491574 10 19 29
2022/06/02 17:11:02 active sessions: 
2022/06/02 17:11:02 {UsedComputeUnits:29 MaxComputeUnits:250000 Sessions:map[1976235410884491574:0xc00158dd40]} 
2022/06/02 17:11:02 
2022/06/02 17:11:02 server got Relay
2022/06/02 17:11:02 updateSessionCu eth_getBalance 1976235410884491574 19 29 48
2022/06/02 17:11:02 server got Relay
2022/06/02 17:11:02 updateSessionCu eth_blockNumber 1976235410884491574 10 48 58
2022/06/02 17:11:02 server got Relay
2022/06/02 17:11:02 updateSessionCu eth_getBalance 1976235410884491574 19 58 77
2022/06/02 17:11:02 server got Relay
2022/06/02 17:11:02 updateSessionCu eth_getBalance 1976235410884491574 19 77 96
2022/06/02 17:11:03 server got Relay
2022/06/02 17:11:03 updateSessionCu eth_getBalance 1976235410884491574 19 96 115
2022/06/02 17:11:03 active sessions: 
2022/06/02 17:11:03 {UsedComputeUnits:115 MaxComputeUnits:250000 Sessions:map[1976235410884491574:0xc00158dd40]} 
2022/06/02 17:11:03 
2022/06/02 17:11:04 active sessions: 
2022/06/02 17:11:04 {UsedComputeUnits:115 MaxComputeUnits:250000 Sessions:map[1976235410884491574:0xc00158dd40]} 
2022/06/02 17:11:04 
2022/06/02 17:11:05 server got Relay
2022/06/02 17:11:05 updateSessionCu eth_blockNumber 1976235410884491574 10 115 125
2022/06/02 17:11:05 active sessions: 
2022/06/02 17:11:05 {UsedComputeUnits:125 MaxComputeUnits:250000 Sessions:map[1976235410884491574:0xc00158dd40]} 
2022/06/02 17:11:05 
2022/06/02 17:11:05 server got Relay
2022/06/02 17:11:05 updateSessionCu eth_getBalance 1976235410884491574 19 125 144
2022/06/02 17:11:05 server got Relay
2022/06/02 17:11:05 updateSessionCu eth_blockNumber 1976235410884491574 10 144 154
2022/06/02 17:11:05 server got Relay
2022/06/02 17:11:05 updateSessionCu eth_getBalance 1976235410884491574 19 154 173
2022/06/02 17:11:06 server got Relay
2022/06/02 17:11:06 updateSessionCu eth_getBalance 1976235410884491574 19 173 192
2022/06/02 17:11:06 server got Relay
2022/06/02 17:11:06 updateSessionCu eth_blockNumber 1976235410884491574 10 192 202
2022/06/02 17:11:06 server got Relay
2022/06/02 17:11:06 updateSessionCu eth_getBalance 1976235410884491574 19 202 221
2022/06/02 17:11:06 active sessions: 
2022/06/02 17:11:06 {UsedComputeUnits:221 MaxComputeUnits:250000 Sessions:map[1976235410884491574:0xc00158dd40]} 
2022/06/02 17:11:06 
2022/06/02 17:11:06 server got Relay
2022/06/02 17:11:06 updateSessionCu eth_getBalance 1976235410884491574 19 221 240
2022/06/02 17:11:06 server got Relay
2022/06/02 17:11:06 updateSessionCu eth_blockNumber 1976235410884491574 10 240 250
2022/06/02 17:11:06 server got Relay
2022/06/02 17:11:06 updateSessionCu eth_getBalance 1976235410884491574 19 250 269
2022/06/02 17:11:07 server got Relay
2022/06/02 17:11:07 updateSessionCu eth_getBalance 1976235410884491574 19 269 288
2022/06/02 17:11:07 server got Relay
2022/06/02 17:11:07 updateSessionCu eth_blockNumber 1976235410884491574 10 288 298
2022/06/02 17:11:07 server got Relay
2022/06/02 17:11:07 updateSessionCu eth_getBalance 1976235410884491574 19 298 317
2022/06/02 17:11:07 active sessions: 
2022/06/02 17:11:07 {UsedComputeUnits:317 MaxComputeUnits:250000 Sessions:map[1976235410884491574:0xc00158dd40]} 
2022/06/02 17:11:07 
2022/06/02 17:11:08 active sessions: 
2022/06/02 17:11:08 {UsedComputeUnits:317 MaxComputeUnits:250000 Sessions:map[1976235410884491574:0xc00158dd40]} 
2022/06/02 17:11:08 
2022/06/02 17:11:09 server got Relay
2022/06/02 17:11:09 updateSessionCu eth_blockNumber 1976235410884491574 10 317 327
2022/06/02 17:11:09 active sessions: 
2022/06/02 17:11:09 {UsedComputeUnits:327 MaxComputeUnits:250000 Sessions:map[1976235410884491574:0xc00158dd40]} 
2022/06/02 17:11:09 
2022/06/02 17:11:09 server got Relay
2022/06/02 17:11:09 updateSessionCu eth_getBalance 1976235410884491574 19 327 346
2022/06/02 17:11:10 server got Relay
2022/06/02 17:11:10 updateSessionCu eth_blockNumber 1976235410884491574 10 346 356
2022/06/02 17:11:10 server got Relay
2022/06/02 17:11:10 updateSessionCu eth_getBalance 1976235410884491574 19 356 375
2022/06/02 17:11:10 server got Relay
2022/06/02 17:11:10 updateSessionCu eth_blockNumber 1976235410884491574 10 375 385
2022/06/02 17:11:10 server got Relay
2022/06/02 17:11:10 updateSessionCu eth_getBalance 1976235410884491574 19 385 404
2022/06/02 17:11:10 server got Relay
2022/06/02 17:11:10 updateSessionCu eth_blockNumber 1976235410884491574 10 404 414
2022/06/02 17:11:10 active sessions: 
2022/06/02 17:11:10 {UsedComputeUnits:414 MaxComputeUnits:250000 Sessions:map[1976235410884491574:0xc00158dd40]} 
2022/06/02 17:11:10 
2022/06/02 17:11:10 server got Relay
2022/06/02 17:11:10 updateSessionCu eth_blockNumber 1976235410884491574 10 414 424
2022/06/02 17:11:10 server got Relay
2022/06/02 17:11:10 updateSessionCu eth_getBalance 1976235410884491574 19 424 443
2022/06/02 17:11:11 server got Relay
2022/06/02 17:11:11 updateSessionCu eth_blockNumber 1976235410884491574 10 443 453
2022/06/02 17:11:11 server got Relay
2022/06/02 17:11:11 updateSessionCu eth_getBalance 1976235410884491574 19 453 472
2022/06/02 17:11:11 server got Relay
2022/06/02 17:11:11 updateSessionCu eth_getBalance 1976235410884491574 19 472 491
2022/06/02 17:11:11 active sessions: 
2022/06/02 17:11:11 {UsedComputeUnits:491 MaxComputeUnits:250000 Sessions:map[1976235410884491574:0xc00158dd40]} 
2022/06/02 17:11:11 
2022/06/02 17:11:12 active sessions: 
2022/06/02 17:11:12 {UsedComputeUnits:491 MaxComputeUnits:250000 Sessions:map[1976235410884491574:0xc00158dd40]} 
2022/06/02 17:11:12 
2022/06/02 17:11:13 active sessions: 
2022/06/02 17:11:13 {UsedComputeUnits:491 MaxComputeUnits:250000 Sessions:map[1976235410884491574:0xc00158dd40]} 
2022/06/02 17:11:13 
2022/06/02 17:11:14 server got Relay
2022/06/02 17:11:14 updateSessionCu eth_getBalance 1976235410884491574 19 491 510
2022/06/02 17:11:14 server got Relay
2022/06/02 17:11:14 updateSessionCu eth_getBalance 1976235410884491574 19 510 529
2022/06/02 17:11:14 server got Relay
2022/06/02 17:11:14 updateSessionCu eth_getBalance 1976235410884491574 19 529 548
2022/06/02 17:11:14 active sessions: 
2022/06/02 17:11:14 {UsedComputeUnits:548 MaxComputeUnits:250000 Sessions:map[1976235410884491574:0xc00158dd40]} 
2022/06/02 17:11:14 
2022/06/02 17:11:14 server got Relay
2022/06/02 17:11:14 updateSessionCu eth_getBalance 1976235410884491574 19 548 567
2022/06/02 17:11:15 server got Relay
2022/06/02 17:11:15 updateSessionCu eth_getBalance 1976235410884491574 19 567 586
2022/06/02 17:11:15 server got Relay
2022/06/02 17:11:15 updateSessionCu eth_blockNumber 1976235410884491574 10 586 596
2022/06/02 17:11:15 server got Relay
2022/06/02 17:11:15 updateSessionCu eth_getBalance 1976235410884491574 19 596 615
2022/06/02 17:11:15 active sessions: 
2022/06/02 17:11:15 {UsedComputeUnits:615 MaxComputeUnits:250000 Sessions:map[1976235410884491574:0xc00158dd40]} 
2022/06/02 17:11:15 
2022/06/02 17:11:15 server got Relay
2022/06/02 17:11:15 updateSessionCu eth_blockNumber 1976235410884491574 10 615 625
2022/06/02 17:11:15 server got Relay
2022/06/02 17:11:15 updateSessionCu eth_getBalance 1976235410884491574 19 625 644
2022/06/02 17:11:15 server got Relay
2022/06/02 17:11:15 updateSessionCu eth_blockNumber 1976235410884491574 10 644 654
2022/06/02 17:11:16 server got Relay
2022/06/02 17:11:16 updateSessionCu eth_getBalance 1976235410884491574 19 654 673
2022/06/02 17:11:16 active sessions: 
2022/06/02 17:11:16 {UsedComputeUnits:673 MaxComputeUnits:250000 Sessions:map[1976235410884491574:0xc00158dd40]} 
2022/06/02 17:11:16 
2022/06/02 17:11:17 active sessions: 
2022/06/02 17:11:17 {UsedComputeUnits:673 MaxComputeUnits:250000 Sessions:map[1976235410884491574:0xc00158dd40]} 
2022/06/02 17:11:17 
2022/06/02 17:11:18 server got Relay
2022/06/02 17:11:18 updateSessionCu eth_blockNumber 1976235410884491574 10 673 683
2022/06/02 17:11:18 server got Relay
2022/06/02 17:11:18 updateSessionCu eth_getBalance 1976235410884491574 19 683 702
2022/06/02 17:11:18 server got Relay
2022/06/02 17:11:18 updateSessionCu eth_blockNumber 1976235410884491574 10 702 712
2022/06/02 17:11:18 server got Relay
2022/06/02 17:11:18 updateSessionCu eth_getBalance 1976235410884491574 19 712 731
2022/06/02 17:11:18 active sessions: 
2022/06/02 17:11:18 {UsedComputeUnits:731 MaxComputeUnits:250000 Sessions:map[1976235410884491574:0xc00158dd40]} 
2022/06/02 17:11:18 
2022/06/02 17:11:18 server got Relay
2022/06/02 17:11:18 updateSessionCu eth_blockNumber 1976235410884491574 10 731 741
2022/06/02 17:11:19 server got Relay
2022/06/02 17:11:19 updateSessionCu eth_blockNumber 1976235410884491574 10 741 751
2022/06/02 17:11:19 server got Relay
2022/06/02 17:11:19 updateSessionCu eth_blockNumber 1976235410884491574 10 751 761
2022/06/02 17:11:19 server got Relay
2022/06/02 17:11:19 updateSessionCu eth_getBalance 1976235410884491574 19 761 780
2022/06/02 17:11:19 server got Relay
2022/06/02 17:11:19 updateSessionCu eth_getBalance 1976235410884491574 19 780 799
2022/06/02 17:11:19 server got Relay
2022/06/02 17:11:19 updateSessionCu eth_blockNumber 1976235410884491574 10 799 809
2022/06/02 17:11:19 active sessions: 
2022/06/02 17:11:19 {UsedComputeUnits:809 MaxComputeUnits:250000 Sessions:map[1976235410884491574:0xc00158dd40]} 
2022/06/02 17:11:19 
signal: terminated
