2022/06/02 17:10:50 Sentry updated spec for chainID: ETH1 Spec name:Ethereum Mainnet
2022/06/02 17:10:51 Server starting 127.0.0.1:2221 node ws://kololo8ex9:ifififkwqlspAFJIjfdMCsdmasdgAKoakdFOAKSFOakfaSEFkbntb311esad@168.119.211.250/eth/ws/ spec Ethereum Mainnet chainID ETH1 api Interface jsonrpc
2022/06/02 17:10:52 Server pubkey 7E0D4E0BAE8978D57F02CB2DDDD4E8D89BC51E1F
2022/06/02 17:10:52 server listening at 127.0.0.1:2221
New session: Height: 40 
total CU serviced: 0, total CU paid: 0
2022/06/02 17:11:01 server got Relay
2022/06/02 17:11:01 new user sessions 250000
2022/06/02 17:11:01 updateSessionCu eth_blockNumber 605394647632969758 10 0 10
2022/06/02 17:11:01 server got Relay
2022/06/02 17:11:01 updateSessionCu eth_getBalance 605394647632969758 19 10 29
2022/06/02 17:11:01 server got Relay
2022/06/02 17:11:01 updateSessionCu eth_blockNumber 605394647632969758 10 29 39
2022/06/02 17:11:01 server got Relay
2022/06/02 17:11:01 updateSessionCu eth_getBalance 605394647632969758 19 39 58
2022/06/02 17:11:01 server got Relay
2022/06/02 17:11:01 updateSessionCu eth_blockNumber 605394647632969758 10 58 68
2022/06/02 17:11:02 server got Relay
2022/06/02 17:11:02 updateSessionCu eth_getBalance 605394647632969758 19 68 87
2022/06/02 17:11:02 server got Relay
2022/06/02 17:11:02 updateSessionCu eth_blockNumber 605394647632969758 10 87 97
2022/06/02 17:11:02 active sessions: 
2022/06/02 17:11:02 {UsedComputeUnits:97 MaxComputeUnits:250000 Sessions:map[605394647632969758:0xc000eaaa80]} 
2022/06/02 17:11:02 
2022/06/02 17:11:02 server got Relay
2022/06/02 17:11:02 updateSessionCu eth_blockNumber 605394647632969758 10 97 107
2022/06/02 17:11:03 server got Relay
2022/06/02 17:11:03 updateSessionCu eth_blockNumber 605394647632969758 10 107 117
2022/06/02 17:11:03 server got Relay
2022/06/02 17:11:03 updateSessionCu eth_getBalance 605394647632969758 19 117 136
2022/06/02 17:11:03 server got Relay
2022/06/02 17:11:03 updateSessionCu eth_blockNumber 605394647632969758 10 136 146
2022/06/02 17:11:03 active sessions: 
2022/06/02 17:11:03 {UsedComputeUnits:146 MaxComputeUnits:250000 Sessions:map[605394647632969758:0xc000eaaa80]} 
2022/06/02 17:11:03 
2022/06/02 17:11:04 active sessions: 
2022/06/02 17:11:04 {UsedComputeUnits:146 MaxComputeUnits:250000 Sessions:map[605394647632969758:0xc000eaaa80]} 
2022/06/02 17:11:04 
2022/06/02 17:11:05 active sessions: 
2022/06/02 17:11:05 {UsedComputeUnits:146 MaxComputeUnits:250000 Sessions:map[605394647632969758:0xc000eaaa80]} 
2022/06/02 17:11:05 
2022/06/02 17:11:05 server got Relay
2022/06/02 17:11:05 updateSessionCu eth_blockNumber 605394647632969758 10 146 156
2022/06/02 17:11:05 server got Relay
2022/06/02 17:11:05 updateSessionCu eth_getBalance 605394647632969758 19 156 175
2022/06/02 17:11:06 server got Relay
2022/06/02 17:11:06 updateSessionCu eth_blockNumber 605394647632969758 10 175 185
2022/06/02 17:11:06 server got Relay
2022/06/02 17:11:06 updateSessionCu eth_blockNumber 605394647632969758 10 185 195
2022/06/02 17:11:06 active sessions: 
2022/06/02 17:11:06 {UsedComputeUnits:195 MaxComputeUnits:250000 Sessions:map[605394647632969758:0xc000eaaa80]} 
2022/06/02 17:11:06 
2022/06/02 17:11:06 server got Relay
2022/06/02 17:11:06 updateSessionCu eth_blockNumber 605394647632969758 10 195 205
2022/06/02 17:11:07 server got Relay
2022/06/02 17:11:07 updateSessionCu eth_blockNumber 605394647632969758 10 205 215
2022/06/02 17:11:07 server got Relay
2022/06/02 17:11:07 updateSessionCu eth_getBalance 605394647632969758 19 215 234
2022/06/02 17:11:07 active sessions: 
2022/06/02 17:11:07 {UsedComputeUnits:234 MaxComputeUnits:250000 Sessions:map[605394647632969758:0xc000eaaa80]} 
2022/06/02 17:11:07 
2022/06/02 17:11:08 active sessions: 
2022/06/02 17:11:08 {UsedComputeUnits:234 MaxComputeUnits:250000 Sessions:map[605394647632969758:0xc000eaaa80]} 
2022/06/02 17:11:08 
2022/06/02 17:11:09 active sessions: 
2022/06/02 17:11:09 {UsedComputeUnits:234 MaxComputeUnits:250000 Sessions:map[605394647632969758:0xc000eaaa80]} 
2022/06/02 17:11:09 
2022/06/02 17:11:09 server got Relay
2022/06/02 17:11:09 updateSessionCu eth_getBalance 605394647632969758 19 234 253
2022/06/02 17:11:09 server got Relay
2022/06/02 17:11:09 updateSessionCu eth_blockNumber 605394647632969758 10 253 263
2022/06/02 17:11:10 server got Relay
2022/06/02 17:11:10 updateSessionCu eth_getBalance 605394647632969758 19 263 282
2022/06/02 17:11:10 active sessions: 
2022/06/02 17:11:10 {UsedComputeUnits:282 MaxComputeUnits:250000 Sessions:map[605394647632969758:0xc000eaaa80]} 
2022/06/02 17:11:10 
2022/06/02 17:11:10 server got Relay
2022/06/02 17:11:10 updateSessionCu eth_getBalance 605394647632969758 19 282 301
2022/06/02 17:11:10 server got Relay
2022/06/02 17:11:10 updateSessionCu eth_blockNumber 605394647632969758 10 301 311
2022/06/02 17:11:11 server got Relay
2022/06/02 17:11:11 updateSessionCu eth_blockNumber 605394647632969758 10 311 321
2022/06/02 17:11:11 server got Relay
2022/06/02 17:11:11 updateSessionCu eth_blockNumber 605394647632969758 10 321 331
2022/06/02 17:11:11 active sessions: 
2022/06/02 17:11:11 {UsedComputeUnits:331 MaxComputeUnits:250000 Sessions:map[605394647632969758:0xc000eaaa80]} 
2022/06/02 17:11:11 
2022/06/02 17:11:11 server got Relay
2022/06/02 17:11:11 updateSessionCu eth_getBalance 605394647632969758 19 331 350
2022/06/02 17:11:12 active sessions: 
2022/06/02 17:11:12 {UsedComputeUnits:350 MaxComputeUnits:250000 Sessions:map[605394647632969758:0xc000eaaa80]} 
2022/06/02 17:11:12 
2022/06/02 17:11:13 active sessions: 
2022/06/02 17:11:13 {UsedComputeUnits:350 MaxComputeUnits:250000 Sessions:map[605394647632969758:0xc000eaaa80]} 
2022/06/02 17:11:13 
2022/06/02 17:11:13 server got Relay
2022/06/02 17:11:13 updateSessionCu eth_blockNumber 605394647632969758 10 350 360
2022/06/02 17:11:14 server got Relay
2022/06/02 17:11:14 updateSessionCu eth_blockNumber 605394647632969758 10 360 370
2022/06/02 17:11:14 server got Relay
2022/06/02 17:11:14 updateSessionCu eth_blockNumber 605394647632969758 10 370 380
2022/06/02 17:11:14 server got Relay
2022/06/02 17:11:14 updateSessionCu eth_blockNumber 605394647632969758 10 380 390
2022/06/02 17:11:14 active sessions: 
2022/06/02 17:11:14 {UsedComputeUnits:390 MaxComputeUnits:250000 Sessions:map[605394647632969758:0xc000eaaa80]} 
2022/06/02 17:11:14 
2022/06/02 17:11:14 server got Relay
2022/06/02 17:11:14 updateSessionCu eth_getBalance 605394647632969758 19 390 409
2022/06/02 17:11:14 server got Relay
2022/06/02 17:11:14 updateSessionCu eth_blockNumber 605394647632969758 10 409 419
2022/06/02 17:11:15 server got Relay
2022/06/02 17:11:15 updateSessionCu eth_blockNumber 605394647632969758 10 419 429
2022/06/02 17:11:15 server got Relay
2022/06/02 17:11:15 updateSessionCu eth_getBalance 605394647632969758 19 429 448
2022/06/02 17:11:15 server got Relay
2022/06/02 17:11:15 updateSessionCu eth_blockNumber 605394647632969758 10 448 458
2022/06/02 17:11:15 active sessions: 
2022/06/02 17:11:15 {UsedComputeUnits:458 MaxComputeUnits:250000 Sessions:map[605394647632969758:0xc000eaaa80]} 
2022/06/02 17:11:15 
2022/06/02 17:11:16 active sessions: 
2022/06/02 17:11:16 {UsedComputeUnits:458 MaxComputeUnits:250000 Sessions:map[605394647632969758:0xc000eaaa80]} 
2022/06/02 17:11:16 
2022/06/02 17:11:17 active sessions: 
2022/06/02 17:11:17 {UsedComputeUnits:458 MaxComputeUnits:250000 Sessions:map[605394647632969758:0xc000eaaa80]} 
2022/06/02 17:11:17 
2022/06/02 17:11:18 server got Relay
2022/06/02 17:11:18 updateSessionCu eth_blockNumber 605394647632969758 10 458 468
2022/06/02 17:11:18 server got Relay
2022/06/02 17:11:18 updateSessionCu eth_getBalance 605394647632969758 19 468 487
2022/06/02 17:11:18 server got Relay
2022/06/02 17:11:18 updateSessionCu eth_blockNumber 605394647632969758 10 487 497
2022/06/02 17:11:18 active sessions: 
2022/06/02 17:11:18 {UsedComputeUnits:497 MaxComputeUnits:250000 Sessions:map[605394647632969758:0xc000eaaa80]} 
2022/06/02 17:11:18 
2022/06/02 17:11:18 server got Relay
2022/06/02 17:11:18 updateSessionCu eth_getBalance 605394647632969758 19 497 516
2022/06/02 17:11:19 server got Relay
2022/06/02 17:11:19 updateSessionCu eth_getBalance 605394647632969758 19 516 535
2022/06/02 17:11:19 server got Relay
2022/06/02 17:11:19 updateSessionCu eth_getBalance 605394647632969758 19 535 554
2022/06/02 17:11:19 server got Relay
2022/06/02 17:11:19 updateSessionCu eth_blockNumber 605394647632969758 10 554 564
2022/06/02 17:11:19 active sessions: 
2022/06/02 17:11:19 {UsedComputeUnits:564 MaxComputeUnits:250000 Sessions:map[605394647632969758:0xc000eaaa80]} 
2022/06/02 17:11:19 
signal: terminated
